<?xml version="1.0" encoding="UTF-8"?>
<!-- Generated by org.testng.reporters.JUnitReportReporter -->
<testsuite skipped="0" hostname="H9886.ad.hugeinc.com" name="com.crm.qa.testcases.LoginPageTest" tests="2" failures="0" timestamp="30 Apr 2019 00:38:31 GMT" time="8.620" errors="0">
  <testcase name="loginPageTitleTest" time="4.043" classname="com.crm.qa.testcases.LoginPageTest"/>
  <testcase name="loginTest" time="4.577" classname="com.crm.qa.testcases.LoginPageTest"/>
</testsuite> <!-- com.crm.qa.testcases.LoginPageTest -->
