<?xml version="1.0" encoding="UTF-8"?>
<!-- Generated by org.testng.reporters.JUnitReportReporter -->
<testsuite skipped="0" hostname="H9886.ad.hugeinc.com" name="com.crm.qa.testcases.LoginPageTest" tests="2" failures="0" timestamp="08 May 2019 15:21:35 GMT" time="11.652" errors="0">
  <testcase name="loginPageTitleTest" time="6.568" classname="com.crm.qa.testcases.LoginPageTest"/>
  <testcase name="loginTest" time="5.084" classname="com.crm.qa.testcases.LoginPageTest"/>
</testsuite> <!-- com.crm.qa.testcases.LoginPageTest -->
