<?xml version="1.0" encoding="UTF-8"?>
<!-- Generated by org.testng.reporters.JUnitReportReporter -->
<testsuite skipped="0" hostname="H9886.ad.hugeinc.com" name="com.crm.qa.testcases.HomePageTest" tests="7" failures="0" timestamp="01 May 2019 21:43:29 GMT" time="42.532" errors="0">
  <testcase name="verifyHomePageTitletest" time="4.494" classname="com.crm.qa.testcases.HomePageTest"/>
  <testcase name="verifyUserNameTest" time="4.916" classname="com.crm.qa.testcases.HomePageTest"/>
  <testcase name="verifyUserNameTextTest" time="7.172" classname="com.crm.qa.testcases.HomePageTest"/>
  <testcase name="verifyContactsLinkclick" time="5.395" classname="com.crm.qa.testcases.HomePageTest"/>
  <testcase name="verifyNavLinksSize" time="5.228" classname="com.crm.qa.testcases.HomePageTest"/>
  <testcase name="verifyNavLinksTexts" time="5.957" classname="com.crm.qa.testcases.HomePageTest"/>
  <testcase name="statuscode" time="9.370" classname="com.crm.qa.testcases.HomePageTest"/>
</testsuite> <!-- com.crm.qa.testcases.HomePageTest -->
