<?xml version="1.0" encoding="UTF-8"?>
<!-- Generated by org.testng.reporters.JUnitReportReporter -->
<testsuite skipped="0" hostname="H9886.ad.hugeinc.com" name="com.crm.qa.testcases.ContactsPageTest" tests="3" failures="0" timestamp="30 Apr 2019 00:38:31 GMT" time="24.966" errors="0">
  <testcase name="createContact" time="6.776" classname="com.crm.qa.testcases.ContactsPageTest"/>
  <testcase name="createContact" time="6.965" classname="com.crm.qa.testcases.ContactsPageTest"/>
  <testcase name="createContact" time="11.225" classname="com.crm.qa.testcases.ContactsPageTest"/>
</testsuite> <!-- com.crm.qa.testcases.ContactsPageTest -->
