<?xml version="1.0" encoding="UTF-8"?>
<!-- Generated by org.testng.reporters.JUnitReportReporter -->
<testsuite skipped="0" hostname="H9886.ad.hugeinc.com" name="com.crm.qa.testcases.LoginPageTest" tests="2" failures="0" timestamp="05 May 2019 22:46:20 GMT" time="8.407" errors="0">
  <testcase name="loginPageTitleTest" time="3.927" classname="com.crm.qa.testcases.LoginPageTest"/>
  <testcase name="loginTest" time="4.480" classname="com.crm.qa.testcases.LoginPageTest"/>
</testsuite> <!-- com.crm.qa.testcases.LoginPageTest -->
