<?xml version="1.0" encoding="UTF-8"?>
<!-- Generated by org.testng.reporters.JUnitReportReporter -->
<testsuite skipped="0" hostname="H9886.ad.hugeinc.com" name="com.crm.qa.testcases.HomePageTest" tests="7" failures="0" timestamp="03 May 2019 05:42:59 GMT" time="39.645" errors="0">
  <testcase name="verifyHomePageTitletest" time="4.109" classname="com.crm.qa.testcases.HomePageTest"/>
  <testcase name="verifyUserNameTest" time="5.069" classname="com.crm.qa.testcases.HomePageTest"/>
  <testcase name="verifyUserNameTextTest" time="4.981" classname="com.crm.qa.testcases.HomePageTest"/>
  <testcase name="verifyContactsLinkclick" time="5.175" classname="com.crm.qa.testcases.HomePageTest"/>
  <testcase name="verifyNavLinksSize" time="5.144" classname="com.crm.qa.testcases.HomePageTest"/>
  <testcase name="verifyNavLinksTexts" time="5.494" classname="com.crm.qa.testcases.HomePageTest"/>
  <testcase name="statuscode" time="9.673" classname="com.crm.qa.testcases.HomePageTest"/>
</testsuite> <!-- com.crm.qa.testcases.HomePageTest -->
