<?xml version="1.0" encoding="UTF-8"?>
<!-- Generated by org.testng.reporters.JUnitReportReporter -->
<testsuite skipped="0" hostname="H9886.ad.hugeinc.com" name="com.crm.qa.testcases.HomePageTest" tests="7" failures="0" timestamp="05 May 2019 22:46:20 GMT" time="41.930" errors="0">
  <testcase name="verifyHomePageTitletest" time="4.792" classname="com.crm.qa.testcases.HomePageTest"/>
  <testcase name="verifyUserNameTest" time="5.147" classname="com.crm.qa.testcases.HomePageTest"/>
  <testcase name="verifyUserNameTextTest" time="5.284" classname="com.crm.qa.testcases.HomePageTest"/>
  <testcase name="verifyContactsLinkclick" time="5.297" classname="com.crm.qa.testcases.HomePageTest"/>
  <testcase name="verifyNavLinksSize" time="5.341" classname="com.crm.qa.testcases.HomePageTest"/>
  <testcase name="verifyNavLinksTexts" time="5.924" classname="com.crm.qa.testcases.HomePageTest"/>
  <testcase name="statuscode" time="10.145" classname="com.crm.qa.testcases.HomePageTest"/>
</testsuite> <!-- com.crm.qa.testcases.HomePageTest -->
