<?xml version="1.0" encoding="UTF-8"?>
<!-- Generated by org.testng.reporters.JUnitReportReporter -->
<testsuite skipped="0" hostname="H9886.ad.hugeinc.com" name="com.crm.qa.testcases.ContactsPageTest" tests="3" failures="0" timestamp="05 May 2019 22:46:20 GMT" time="25.230" errors="0">
  <testcase name="createContact" time="10.990" classname="com.crm.qa.testcases.ContactsPageTest"/>
  <testcase name="createContact" time="7.001" classname="com.crm.qa.testcases.ContactsPageTest"/>
  <testcase name="createContact" time="7.239" classname="com.crm.qa.testcases.ContactsPageTest"/>
</testsuite> <!-- com.crm.qa.testcases.ContactsPageTest -->
