<?xml version="1.0" encoding="UTF-8"?>
<!-- Generated by org.testng.reporters.JUnitReportReporter -->
<testsuite skipped="0" hostname="H9886.ad.hugeinc.com" name="com.crm.qa.testcases.ContactsPageTest" tests="3" failures="0" timestamp="03 May 2019 05:42:59 GMT" time="21.614" errors="0">
  <testcase name="createContact" time="6.468" classname="com.crm.qa.testcases.ContactsPageTest"/>
  <testcase name="createContact" time="6.852" classname="com.crm.qa.testcases.ContactsPageTest"/>
  <testcase name="createContact" time="8.294" classname="com.crm.qa.testcases.ContactsPageTest"/>
</testsuite> <!-- com.crm.qa.testcases.ContactsPageTest -->
