<?xml version="1.0" encoding="UTF-8"?>
<!-- Generated by org.testng.reporters.JUnitReportReporter -->
<testsuite skipped="0" hostname="H9886.ad.hugeinc.com" name="com.crm.qa.testcases.LoginPageTest" tests="2" failures="0" timestamp="03 May 2019 05:42:59 GMT" time="8.330" errors="0">
  <testcase name="loginPageTitleTest" time="3.962" classname="com.crm.qa.testcases.LoginPageTest"/>
  <testcase name="loginTest" time="4.368" classname="com.crm.qa.testcases.LoginPageTest"/>
</testsuite> <!-- com.crm.qa.testcases.LoginPageTest -->
